<?xml version="1.0" encoding="UTF-8"?>
<!-- Generated by org.testng.reporters.JUnitXMLReporter -->
<testsuite ignored="0" hostname="DESKTOP-64CO17K" failures="1" tests="1" name="Test" time="17.746" errors="0" timestamp="2023-07-19T15:52:23 IST">
  <testcase classname="testCases.TC_003_LoginDDT" name="test_DDT" time="0.0">
    <failure type="java.lang.RuntimeException" message="java.lang.NoClassDefFoundError: org/apache/xmlbeans/XmlObject">
      <![CDATA[java.lang.RuntimeException: java.lang.NoClassDefFoundError: org/apache/xmlbeans/XmlObject
at java.base/java.util.ArrayList.forEach(ArrayList.java:1511)
Caused by: java.lang.NoClassDefFoundError: org/apache/xmlbeans/XmlObject
at utilities.ExcelUtility.getRowCount(ExcelUtility.java:34)
at utilities.DataProviders.getData(DataProviders.java:17)
... 25 more
Caused by: java.lang.ClassNotFoundException: org.apache.xmlbeans.XmlObject
at java.base/jdk.internal.loader.BuiltinClassLoader.loadClass(BuiltinClassLoader.java:641)
at java.base/jdk.internal.loader.ClassLoaders$AppClassLoader.loadClass(ClassLoaders.java:188)
at java.base/java.lang.ClassLoader.loadClass(ClassLoader.java:520)
... 34 more
... Removed 32 stack frames]]>
    </failure>
  </testcase> <!-- test_DDT -->
</testsuite> <!-- Test -->
