<?xml version="1.0" encoding="UTF-8"?>
<!-- Generated by org.testng.reporters.JUnitXMLReporter -->
<testsuite ignored="0" hostname="DESKTOP-64CO17K" failures="0" tests="6" name="Staging.CelebratixTest" time="113.849" errors="0" timestamp="2023-08-02T12:44:35 IST">
  <testcase classname="testCases.TC_001_HomePageTest" name="verifyLogo" time="0.326"/>
  <testcase classname="testCases.TC_001_HomePageTest" name="verifyTitle" time="0.031"/>
  <testcase classname="testCases.TC_002_ExistingUser_LoginTest" name="test_login" time="7.711"/>
  <testcase classname="testCases.TC_004_MyAccountPageTest" name="verifyMyAccount" time="7.723"/>
  <testcase classname="testCases.TC_004_MyAccountPageTest" name="verifySelectedVenueLink" time="0.001"/>
  <testcase classname="testCases.TC_004_MyAccountPageTest" name="testVenueSearch" time="4.178"/>
</testsuite> <!-- Staging.CelebratixTest -->
