<?xml version="1.0" encoding="UTF-8"?>
<testng-results ignored="0" total="1" passed="1" failed="0" skipped="0">
  <reporter-output>
  </reporter-output>
  <suite started-at="2023-08-02T13:16:46 IST" name="Default suite" finished-at="2023-08-02T13:18:50 IST" duration-ms="123308">
    <groups>
    </groups>
    <test started-at="2023-08-02T13:16:46 IST" name="Default test" finished-at="2023-08-02T13:18:50 IST" duration-ms="123308">
      <class name="testCases.TC_002_ExistingUser_LoginTest">
        <test-method is-config="true" signature="setup(java.lang.String)[pri:0, instance:testCases.TC_002_ExistingUser_LoginTest@5a5a729f]" started-at="2023-08-02T13:16:47 IST" name="setup" finished-at="2023-08-02T13:18:01 IST" duration-ms="74191" status="PASS">
          <params>
            <param index="0">
              <value>
                <![CDATA[edge]]>
              </value>
            </param>
          </params>
          <reporter-output>
          </reporter-output>
        </test-method> <!-- setup -->
        <test-method signature="test_login()[pri:0, instance:testCases.TC_002_ExistingUser_LoginTest@5a5a729f]" started-at="2023-08-02T13:18:02 IST" name="test_login" finished-at="2023-08-02T13:18:41 IST" duration-ms="38677" status="PASS">
          <reporter-output>
          </reporter-output>
        </test-method> <!-- test_login -->
        <test-method is-config="true" signature="tearDown()[pri:0, instance:testCases.TC_002_ExistingUser_LoginTest@5a5a729f]" started-at="2023-08-02T13:18:41 IST" name="tearDown" finished-at="2023-08-02T13:18:50 IST" duration-ms="9273" status="PASS">
          <reporter-output>
          </reporter-output>
        </test-method> <!-- tearDown -->
      </class> <!-- testCases.TC_002_ExistingUser_LoginTest -->
    </test> <!-- Default test -->
  </suite> <!-- Default suite -->
</testng-results>
