<?xml version="1.0" encoding="UTF-8"?>
<testng-results ignored="0" total="1" passed="1" failed="0" skipped="0">
  <reporter-output>
  </reporter-output>
  <suite started-at="2023-08-07T18:52:13 IST" name="Default Suite" finished-at="2023-08-07T18:53:10 IST" duration-ms="56462">
    <groups>
    </groups>
    <test started-at="2023-08-07T18:52:13 IST" name="CBXProject_V3" finished-at="2023-08-07T18:53:10 IST" duration-ms="56462">
      <class name="testCases.TC_005_SearchVenueTest">
        <test-method is-config="true" signature="setup(java.lang.String)[pri:0, instance:testCases.TC_005_SearchVenueTest@29d89d5d]" started-at="2023-08-07T18:52:13 IST" name="setup" finished-at="2023-08-07T18:52:41 IST" duration-ms="27444" status="PASS">
          <params>
            <param index="0">
              <value>
                <![CDATA[edge]]>
              </value>
            </param>
          </params>
          <reporter-output>
          </reporter-output>
        </test-method> <!-- setup -->
        <test-method signature="test_VenueSearch()[pri:0, instance:testCases.TC_005_SearchVenueTest@29d89d5d]" started-at="2023-08-07T18:52:41 IST" name="test_VenueSearch" finished-at="2023-08-07T18:53:09 IST" duration-ms="28008" status="PASS">
          <reporter-output>
          </reporter-output>
        </test-method> <!-- test_VenueSearch -->
        <test-method is-config="true" signature="tearDown()[pri:0, instance:testCases.TC_005_SearchVenueTest@29d89d5d]" started-at="2023-08-07T18:53:09 IST" name="tearDown" finished-at="2023-08-07T18:53:10 IST" duration-ms="766" status="PASS">
          <reporter-output>
          </reporter-output>
        </test-method> <!-- tearDown -->
      </class> <!-- testCases.TC_005_SearchVenueTest -->
    </test> <!-- CBXProject_V3 -->
  </suite> <!-- Default Suite -->
</testng-results>
